C:\_PROJECTS\BAEKAR_NEW\TRUNK\MARKERLESSAR\ENGINE\RELEASE_CAMERA\AGAST5_8.OBJ
C:\_PROJECTS\BAEKAR_NEW\TRUNK\MARKERLESSAR\ENGINE\RELEASE_CAMERA\AGAST5_8_NMS.OBJ
C:\_PROJECTS\BAEKAR_NEW\TRUNK\MARKERLESSAR\ENGINE\RELEASE_CAMERA\AGAST7_12D.OBJ
C:\_PROJECTS\BAEKAR_NEW\TRUNK\MARKERLESSAR\ENGINE\RELEASE_CAMERA\AGAST7_12D_NMS.OBJ
C:\_PROJECTS\BAEKAR_NEW\TRUNK\MARKERLESSAR\ENGINE\RELEASE_CAMERA\AGAST7_12S.OBJ
C:\_PROJECTS\BAEKAR_NEW\TRUNK\MARKERLESSAR\ENGINE\RELEASE_CAMERA\AGAST7_12S_NMS.OBJ
C:\_PROJECTS\BAEKAR_NEW\TRUNK\MARKERLESSAR\ENGINE\RELEASE_CAMERA\ASTDETECTOR.OBJ
C:\_PROJECTS\BAEKAR_NEW\TRUNK\MARKERLESSAR\ENGINE\RELEASE_CAMERA\BAEKARENGINE.EXE.INTERMEDIATE.MANIFEST
C:\_PROJECTS\BAEKAR_NEW\TRUNK\MARKERLESSAR\ENGINE\RELEASE_CAMERA\BRISK.OBJ
C:\_PROJECTS\BAEKAR_NEW\TRUNK\MARKERLESSAR\ENGINE\RELEASE_CAMERA\CAM.OBJ
C:\_PROJECTS\BAEKAR_NEW\TRUNK\MARKERLESSAR\ENGINE\RELEASE_CAMERA\CAMERA.OBJ
C:\_PROJECTS\BAEKAR_NEW\TRUNK\MARKERLESSAR\ENGINE\RELEASE_CAMERA\CAPTURE.OBJ
C:\_PROJECTS\BaekAR_new\trunk\MarkerlessAR\Engine\Release_Camera\cl.command.1.tlog
C:\_PROJECTS\BaekAR_new\trunk\MarkerlessAR\Engine\Release_Camera\CL.read.1.tlog
C:\_PROJECTS\BaekAR_new\trunk\MarkerlessAR\Engine\Release_Camera\CL.write.1.tlog
C:\_PROJECTS\BAEKAR_NEW\TRUNK\MARKERLESSAR\ENGINE\RELEASE_CAMERA\COLORDISTRIBUTION.OBJ
C:\_PROJECTS\BAEKAR_NEW\TRUNK\MARKERLESSAR\ENGINE\RELEASE_CAMERA\COLORHISTOGRAM.OBJ
C:\_PROJECTS\BAEKAR_NEW\TRUNK\MARKERLESSAR\ENGINE\RELEASE_CAMERA\CVFINDEXTRINSICCAMERAPARAMS3.OBJ
C:\_PROJECTS\BAEKAR_NEW\TRUNK\MARKERLESSAR\ENGINE\RELEASE_CAMERA\D3D.OBJ
C:\_PROJECTS\BAEKAR_NEW\TRUNK\MARKERLESSAR\ENGINE\RELEASE_CAMERA\ENGINEMAIN.OBJ
C:\_PROJECTS\BAEKAR_NEW\TRUNK\MARKERLESSAR\ENGINE\RELEASE_CAMERA\FINGERTIP.OBJ
C:\_PROJECTS\BAEKAR_NEW\TRUNK\MARKERLESSAR\ENGINE\RELEASE_CAMERA\FINGERTIPPOSEESTIMATION.OBJ
C:\_PROJECTS\BAEKAR_NEW\TRUNK\MARKERLESSAR\ENGINE\RELEASE_CAMERA\FINGERTIPTRACKER.OBJ
C:\_PROJECTS\BAEKAR_NEW\TRUNK\MARKERLESSAR\ENGINE\RELEASE_CAMERA\HANDREGION.OBJ
C:\_PROJECTS\BAEKAR_NEW\TRUNK\MARKERLESSAR\ENGINE\RELEASE_CAMERA\KATOPOSEESTIMATOR.OBJ
C:\_PROJECTS\BAEKAR_NEW\TRUNK\MARKERLESSAR\ENGINE\RELEASE_CAMERA\KATOPOSEESTIMATORUTILS.OBJ
C:\_PROJECTS\BaekAR_new\trunk\MarkerlessAR\Engine\Release_Camera\link.command.1.tlog
C:\_PROJECTS\BaekAR_new\trunk\MarkerlessAR\Engine\Release_Camera\link.read.1.tlog
C:\_PROJECTS\BaekAR_new\trunk\MarkerlessAR\Engine\Release_Camera\link.write.1.tlog
C:\_PROJECTS\BAEKAR_NEW\TRUNK\MARKERLESSAR\ENGINE\RELEASE_CAMERA\MIXGAUSSIAN.OBJ
C:\_PROJECTS\BaekAR_new\trunk\MarkerlessAR\Engine\Release_Camera\mt.command.1.tlog
C:\_PROJECTS\BaekAR_new\trunk\MarkerlessAR\Engine\Release_Camera\mt.read.1.tlog
C:\_PROJECTS\BaekAR_new\trunk\MarkerlessAR\Engine\Release_Camera\mt.write.1.tlog
C:\_PROJECTS\BAEKAR_NEW\TRUNK\MARKERLESSAR\ENGINE\RELEASE_CAMERA\NONMAXIMUMSUPPRESSION.OBJ
C:\_PROJECTS\BAEKAR_NEW\TRUNK\MARKERLESSAR\ENGINE\RELEASE_CAMERA\OAST9_16.OBJ
C:\_PROJECTS\BAEKAR_NEW\TRUNK\MARKERLESSAR\ENGINE\RELEASE_CAMERA\OAST9_16_NMS.OBJ
C:\_PROJECTS\BAEKAR_NEW\TRUNK\MARKERLESSAR\ENGINE\RELEASE_CAMERA\POSEESTIMATION.OBJ
C:\_PROJECTS\BAEKAR_NEW\TRUNK\MARKERLESSAR\ENGINE\RELEASE_CAMERA\POSEESTIMATOR.OBJ
C:\_PROJECTS\BAEKAR_NEW\TRUNK\MARKERLESSAR\ENGINE\RELEASE_CAMERA\STDAFX.OBJ
C:\_PROJECTS\BAEKAR_NEW\TRUNK\MARKERLESSAR\ENGINE\RELEASE_CAMERA\SUNGWOOKFEATURE.OBJ
C:\_PROJECTS\BAEKAR_NEW\TRUNK\MARKERLESSAR\ENGINE\RELEASE_CAMERA\SUNGWOOKUTILITY.OBJ
C:\_PROJECTS\BAEKAR_NEW\TRUNK\MARKERLESSAR\ENGINE\RELEASE_CAMERA\VC100.PDB
C:\_PROJECTS\BAEKAR_NEW\TRUNK\MARKERLESSAR\ENGINE\RELEASE_CAMERA\WONJO.OBJ
C:\_PROJECTS\BAEKAR_NEW\TRUNK\RELEASE_CAMERA\BAEKARENGINE.EXE
C:\_PROJECTS\BAEKAR_NEW\TRUNK\RELEASE_CAMERA\BAEKARENGINE.PDB
