Build started 2012-10-27 오후 7:15:46.
     1>Project "E:\Research\baekar.github.com.git\trunk\MarkerlessAR\Engine\MarkerlessAR_Engine.vcxproj" on node 2 (build target(s)).
     1>InitializeBuildStatus:
         Touching "Release_Camera\BaekAREngine.unsuccessfulbuild".
       ClCompile:
         C:\Program Files (x86)\Microsoft Visual Studio 10.0\VC\bin\CL.exe /c /Zi /nologo /W3 /WX- /O2 /Oi /Oy- /GL /D _MBCS /D _MBCS /D CAMERA /Gm- /EHsc /MD /GS /Gy /fp:precise /Zc:wchar_t /Zc:forScope /Fo"Release_Camera\\" /Fd"Release_Camera\vc100.pdb" /Gd /TP /analyze- /errorReport:prompt ..\calibration\Camera.cpp ..\cam.cpp ..\d3d.cpp ..\EngineMain.cpp ..\HandyAR\FingerTip.cpp ..\HandyAR\FingertipPoseEstimation.cpp ..\HandyAR\FingertipTracker.cpp ..\KatoPoseEstimation\KatoPoseEstimator.cpp ..\KatoPoseEstimation\PoseEstimator.cpp ..\wonjo.cpp
         Camera.cpp
         cam.cpp
         d3d.cpp
         EngineMain.cpp
     1>..\EngineMain.cpp(952): error C2061: syntax error : identifier 'BruteForceMatcher'
     1>..\EngineMain.cpp(953): error C2061: syntax error : identifier 'BruteForceMatcher'
     1>..\EngineMain.cpp(956): error C2061: syntax error : identifier 'BruteForceMatcher'
     1>..\EngineMain.cpp(957): error C2061: syntax error : identifier 'BruteForceMatcher'
         FingerTip.cpp
     1>..\HandyAR\FingerTip.cpp(664): warning C4553: '==' : operator has no effect; did you intend '='?
         FingertipPoseEstimation.cpp
         FingertipTracker.cpp
         KatoPoseEstimator.cpp
         PoseEstimator.cpp
         wonjo.cpp
     1>Done Building Project "E:\Research\baekar.github.com.git\trunk\MarkerlessAR\Engine\MarkerlessAR_Engine.vcxproj" (build target(s)) -- FAILED.

Build FAILED.

Time Elapsed 00:00:19.89
